c:\users\陈欣\source\repos\mydebug_1\mydebug_1\x64\debug\vc143.pdb
c:\users\陈欣\source\repos\mydebug_1\mydebug_1\x64\debug\vc143.idb
c:\users\陈欣\source\repos\mydebug_1\mydebug_1\x64\debug\debug_1.obj
c:\users\陈欣\source\repos\mydebug_1\mydebug_1\x64\debug\common.obj
c:\users\陈欣\source\repos\mydebug_1\mydebug_1\x64\debug\9.回文数.obj
c:\users\陈欣\source\repos\mydebug_1\mydebug_1\x64\debug\8.提取字符串中数字.obj
c:\users\陈欣\source\repos\mydebug_1\mydebug_1\x64\debug\7.数字反转.obj
c:\users\陈欣\source\repos\mydebug_1\mydebug_1\x64\debug\25，k个一组反转链表.obj
c:\users\陈欣\source\repos\mydebug_1\mydebug_1\x64\debug\24，两两交换链表中的节点.obj
c:\users\陈欣\source\repos\mydebug_1\mydebug_1\x64\debug\23，合并k个升序链表.obj
c:\users\陈欣\source\repos\mydebug_1\mydebug_1\x64\debug\22，括号生成.obj
c:\users\陈欣\source\repos\mydebug_1\mydebug_1\x64\debug\21，合并两个有序子列表.obj
c:\users\陈欣\source\repos\mydebug_1\mydebug_1\x64\debug\20，有效括号.obj
c:\users\陈欣\source\repos\mydebug_1\mydebug_1\x64\debug\19，删除链表第n个节点.obj
c:\users\陈欣\source\repos\mydebug_1\mydebug_1\x64\debug\17，电话号码字符匹配.obj
c:\users\陈欣\source\repos\mydebug_1\mydebug_1\x64\debug\16，最接近的三数之和.obj
c:\users\陈欣\source\repos\mydebug_1\mydebug_1\x64\debug\15，三数之和.obj
c:\users\陈欣\source\repos\mydebug_1\mydebug_1\x64\debug\14，最长公共前缀cpp.obj
c:\users\陈欣\source\repos\mydebug_1\mydebug_1\x64\debug\13.罗马数字转整数.obj
c:\users\陈欣\source\repos\mydebug_1\mydebug_1\x64\debug\12.整数转罗马数字.obj
c:\users\陈欣\source\repos\mydebug_1\mydebug_1\x64\debug\11，盛水最多的容器.obj
c:\users\陈欣\source\repos\mydebug_1\mydebug_1\x64\debug\10，正则表达式匹配.obj
c:\users\陈欣\source\repos\mydebug_1\mydebug_1\x64\debug\nwordchange.obj
c:\users\陈欣\source\repos\mydebug_1\mydebug_1\x64\debug\middlenum.obj
c:\users\陈欣\source\repos\mydebug_1\mydebug_1\x64\debug\longestcallbacksubstring.obj
c:\users\陈欣\source\repos\mydebug_1\x64\debug\mydebug_1.pdb
c:\users\陈欣\source\repos\mydebug_1\mydebug_1\x64\debug\mydebug_1.tlog\cl.command.1.tlog
c:\users\陈欣\source\repos\mydebug_1\mydebug_1\x64\debug\mydebug_1.tlog\cl.read.1.tlog
c:\users\陈欣\source\repos\mydebug_1\mydebug_1\x64\debug\mydebug_1.tlog\cl.write.1.tlog
c:\users\陈欣\source\repos\mydebug_1\mydebug_1\x64\debug\mydebug_1.tlog\link-cvtres.read.1.tlog
c:\users\陈欣\source\repos\mydebug_1\mydebug_1\x64\debug\mydebug_1.tlog\link-cvtres.write.1.tlog
c:\users\陈欣\source\repos\mydebug_1\mydebug_1\x64\debug\mydebug_1.tlog\link-rc.read.1.tlog
c:\users\陈欣\source\repos\mydebug_1\mydebug_1\x64\debug\mydebug_1.tlog\link-rc.write.1.tlog
c:\users\陈欣\source\repos\mydebug_1\mydebug_1\x64\debug\mydebug_1.tlog\link.command.1.tlog
c:\users\陈欣\source\repos\mydebug_1\mydebug_1\x64\debug\mydebug_1.tlog\link.read.1.tlog
c:\users\陈欣\source\repos\mydebug_1\mydebug_1\x64\debug\mydebug_1.tlog\link.read.2.tlog
c:\users\陈欣\source\repos\mydebug_1\mydebug_1\x64\debug\mydebug_1.tlog\link.write.1.tlog
